<?xml version="1.0" encoding="UTF-8" ?>
<testsuite failures="0" time="0.049" errors="0" skipped="0" tests="31" name="org.fcrepo.server.storage.lowlevel.akubra.AkubraLowlevelStorageTest">
  <properties>
    <property name="java.runtime.name" value="Java(TM) SE Runtime Environment"/>
    <property name="sun.boot.library.path" value="/usr/lib/jvm/java-1.6.0-sun-1.6.0.37.x86_64/jre/lib/amd64"/>
    <property name="java.vm.version" value="20.12-b01"/>
    <property name="java.vm.vendor" value="Sun Microsystems Inc."/>
    <property name="java.vendor.url" value="http://java.sun.com/"/>
    <property name="path.separator" value=":"/>
    <property name="guice.disable.misplaced.annotation.check" value="true"/>
    <property name="java.vm.name" value="Java HotSpot(TM) 64-Bit Server VM"/>
    <property name="file.encoding.pkg" value="sun.io"/>
    <property name="user.country" value="US"/>
    <property name="sun.java.launcher" value="SUN_STANDARD"/>
    <property name="sun.os.patch.level" value="unknown"/>
    <property name="java.vm.specification.name" value="Java Virtual Machine Specification"/>
    <property name="user.dir" value="/home/barnarh9/fcrepo-3.8.0-SNAPSHOT/fcrepo-server"/>
    <property name="java.runtime.version" value="1.6.0_37-b06"/>
    <property name="java.awt.graphicsenv" value="sun.awt.X11GraphicsEnvironment"/>
    <property name="java.endorsed.dirs" value="/usr/lib/jvm/java-1.6.0-sun-1.6.0.37.x86_64/jre/lib/endorsed"/>
    <property name="os.arch" value="amd64"/>
    <property name="fedora.port" value="8080"/>
    <property name="java.io.tmpdir" value="/tmp"/>
    <property name="line.separator" value="
"/>
    <property name="java.vm.specification.vendor" value="Sun Microsystems Inc."/>
    <property name="os.name" value="Linux"/>
    <property name="classworlds.conf" value="/usr/local/apache-maven/apache-maven-3.2.3/bin/m2.conf"/>
    <property name="sun.jnu.encoding" value="ANSI_X3.4-1968"/>
    <property name="java.library.path" value="/usr/lib/jvm/java-1.6.0-sun-1.6.0.37.x86_64/jre/lib/amd64/server:/usr/lib/jvm/java-1.6.0-sun-1.6.0.37.x86_64/jre/lib/amd64:/usr/lib/jvm/java-1.6.0-sun-1.6.0.37.x86_64/jre/../lib/amd64:/usr/java/packages/lib/amd64:/usr/lib64:/lib64:/lib:/usr/lib"/>
    <property name="java.specification.name" value="Java Platform API Specification"/>
    <property name="java.class.version" value="50.0"/>
    <property name="sun.management.compiler" value="HotSpot 64-Bit Tiered Compilers"/>
    <property name="os.version" value="2.6.32-431.5.1.el6.x86_64"/>
    <property name="user.home" value="/root"/>
    <property name="user.timezone" value="Europe/Vienna"/>
    <property name="java.awt.printerjob" value="sun.print.PSPrinterJob"/>
    <property name="file.encoding" value="ANSI_X3.4-1968"/>
    <property name="java.specification.version" value="1.6"/>
    <property name="user.name" value="root"/>
    <property name="java.class.path" value="/usr/local/apache-maven/apache-maven-3.2.3/boot/plexus-classworlds-2.5.1.jar"/>
    <property name="fedora.appServerContext" value="fedora"/>
    <property name="java.vm.specification.version" value="1.0"/>
    <property name="sun.arch.data.model" value="64"/>
    <property name="java.home" value="/usr/lib/jvm/java-1.6.0-sun-1.6.0.37.x86_64/jre"/>
    <property name="sun.java.command" value="org.codehaus.plexus.classworlds.launcher.Launcher install --log-file java.txt"/>
    <property name="java.specification.vendor" value="Sun Microsystems Inc."/>
    <property name="user.language" value="en"/>
    <property name="java.vm.info" value="mixed mode"/>
    <property name="fedora.hostname" value="localhost"/>
    <property name="java.version" value="1.6.0_37"/>
    <property name="java.ext.dirs" value="/usr/lib/jvm/java-1.6.0-sun-1.6.0.37.x86_64/jre/lib/ext:/usr/java/packages/lib/ext"/>
    <property name="securerandom.source" value="file:/dev/./urandom"/>
    <property name="sun.boot.class.path" value="/usr/lib/jvm/java-1.6.0-sun-1.6.0.37.x86_64/jre/lib/resources.jar:/usr/lib/jvm/java-1.6.0-sun-1.6.0.37.x86_64/jre/lib/rt.jar:/usr/lib/jvm/java-1.6.0-sun-1.6.0.37.x86_64/jre/lib/sunrsasign.jar:/usr/lib/jvm/java-1.6.0-sun-1.6.0.37.x86_64/jre/lib/jsse.jar:/usr/lib/jvm/java-1.6.0-sun-1.6.0.37.x86_64/jre/lib/jce.jar:/usr/lib/jvm/java-1.6.0-sun-1.6.0.37.x86_64/jre/lib/charsets.jar:/usr/lib/jvm/java-1.6.0-sun-1.6.0.37.x86_64/jre/lib/modules/jdk.boot.jar:/usr/lib/jvm/java-1.6.0-sun-1.6.0.37.x86_64/jre/classes"/>
    <property name="java.vendor" value="Sun Microsystems Inc."/>
    <property name="logback.configurationFile" value="/tmp/fedora-logback-minimal8884980715340677840.tmp"/>
    <property name="maven.home" value="/usr/local/apache-maven/apache-maven-3.2.3"/>
    <property name="file.separator" value="/"/>
    <property name="java.vendor.url.bug" value="http://java.sun.com/cgi-bin/bugreport.cgi"/>
    <property name="sun.cpu.endian" value="little"/>
    <property name="sun.io.unicode.encoding" value="UnicodeLittle"/>
    <property name="sun.cpu.isalist" value=""/>
  </properties>
  <testcase time="0.016" classname="org.fcrepo.server.storage.lowlevel.akubra.AkubraLowlevelStorageTest" name="testAuditDatastream"/>
  <testcase time="0.006" classname="org.fcrepo.server.storage.lowlevel.akubra.AkubraLowlevelStorageTest" name="testAddExistingDatastream"/>
  <testcase time="0.001" classname="org.fcrepo.server.storage.lowlevel.akubra.AkubraLowlevelStorageTest" name="testAddExistingObject"/>
  <testcase time="0" classname="org.fcrepo.server.storage.lowlevel.akubra.AkubraLowlevelStorageTest" name="testAddNonExistingDatastream"/>
  <testcase time="0" classname="org.fcrepo.server.storage.lowlevel.akubra.AkubraLowlevelStorageTest" name="testAddNonExistingObject"/>
  <testcase time="0.004" classname="org.fcrepo.server.storage.lowlevel.akubra.AkubraLowlevelStorageTest" name="testAuditObject"/>
  <testcase time="0" classname="org.fcrepo.server.storage.lowlevel.akubra.AkubraLowlevelStorageTest" name="testRebuildDatastream"/>
  <testcase time="0" classname="org.fcrepo.server.storage.lowlevel.akubra.AkubraLowlevelStorageTest" name="testRebuildObject"/>
  <testcase time="0" classname="org.fcrepo.server.storage.lowlevel.akubra.AkubraLowlevelStorageTest" name="testRemoveExistingDatastream"/>
  <testcase time="0" classname="org.fcrepo.server.storage.lowlevel.akubra.AkubraLowlevelStorageTest" name="testRemoveExistingObject"/>
  <testcase time="0" classname="org.fcrepo.server.storage.lowlevel.akubra.AkubraLowlevelStorageTest" name="testRemoveNonExistingDatastream"/>
  <testcase time="0" classname="org.fcrepo.server.storage.lowlevel.akubra.AkubraLowlevelStorageTest" name="testRemoveNonExistingObject"/>
  <testcase time="0.012" classname="org.fcrepo.server.storage.lowlevel.akubra.AkubraLowlevelStorageTest" name="testReplaceExistingDatastream"/>
  <testcase time="0.001" classname="org.fcrepo.server.storage.lowlevel.akubra.AkubraLowlevelStorageTest" name="testReplaceExistingDatastreamSafely"/>
  <testcase time="0" classname="org.fcrepo.server.storage.lowlevel.akubra.AkubraLowlevelStorageTest" name="testReplaceExistingObject"/>
  <testcase time="0" classname="org.fcrepo.server.storage.lowlevel.akubra.AkubraLowlevelStorageTest" name="testReplaceExistingObjectSafely"/>
  <testcase time="0.001" classname="org.fcrepo.server.storage.lowlevel.akubra.AkubraLowlevelStorageTest" name="testReplaceNonExistingDatastream"/>
  <testcase time="0.003" classname="org.fcrepo.server.storage.lowlevel.akubra.AkubraLowlevelStorageTest" name="testReplaceNonExistingDatastreamSafely"/>
  <testcase time="0" classname="org.fcrepo.server.storage.lowlevel.akubra.AkubraLowlevelStorageTest" name="testReplaceNonExistingObject"/>
  <testcase time="0" classname="org.fcrepo.server.storage.lowlevel.akubra.AkubraLowlevelStorageTest" name="testReplaceNonExistingObjectSafely"/>
  <testcase time="0.001" classname="org.fcrepo.server.storage.lowlevel.akubra.AkubraLowlevelStorageTest" name="testRetrieveExistingDatastream"/>
  <testcase time="0" classname="org.fcrepo.server.storage.lowlevel.akubra.AkubraLowlevelStorageTest" name="testRetrieveExistingObject"/>
  <testcase time="0.001" classname="org.fcrepo.server.storage.lowlevel.akubra.AkubraLowlevelStorageTest" name="testRetrieveNonExistingDatastream"/>
  <testcase time="0" classname="org.fcrepo.server.storage.lowlevel.akubra.AkubraLowlevelStorageTest" name="testRetrieveNonExistingObject"/>
  <testcase time="0.001" classname="org.fcrepo.server.storage.lowlevel.akubra.AkubraLowlevelStorageTest" name="testListDatastreams"/>
  <testcase time="0" classname="org.fcrepo.server.storage.lowlevel.akubra.AkubraLowlevelStorageTest" name="testListObjects"/>
  <testcase time="0.001" classname="org.fcrepo.server.storage.lowlevel.akubra.AkubraLowlevelStorageTest" name="testGetDatastreamSize"/>
  <testcase time="0" classname="org.fcrepo.server.storage.lowlevel.akubra.AkubraLowlevelStorageTest" name="testAddDatastreamWithHints"/>
  <testcase time="0.001" classname="org.fcrepo.server.storage.lowlevel.akubra.AkubraLowlevelStorageTest" name="testReplaceDatastreamWithHints"/>
  <testcase time="0" classname="org.fcrepo.server.storage.lowlevel.akubra.AkubraLowlevelStorageTest" name="testAddObjectWithHints"/>
  <testcase time="0" classname="org.fcrepo.server.storage.lowlevel.akubra.AkubraLowlevelStorageTest" name="testReplaceObjectWithHints"/>
</testsuite>